

-------------
  Separator
-------------

2023-10-27 12:27:11: [Main]: Using world specified by --worldname on the command line
2023-10-27 12:27:11: ERROR[Main]: The following mods could not be found: "colordcement" "colored_concrete" "world2minetest" "we_undo" "worldeditadditions_core"
2023-10-27 12:27:11: WARNING[Main]: Mod edutest_chatcommands at /config/.minetest/mods/edutest_chatcommands:
2023-10-27 12:27:11: WARNING[Main]: 	depends.txt is deprecated, please use mod.conf instead.
2023-10-27 12:27:11: ACTION[Main]: New font registered in font_api: metro.
2023-10-27 12:27:11: ACTION[Main]: New font registered in font_api: tinycurs.
2023-10-27 12:27:11: WARNING[Main]: skinsdb filename seperator is set to _, see skindsdb/textures/readme.txt to avoid problems with playernames containing underscore
2023-10-27 12:27:11: WARNING[Main]: Mod edutest at /config/.minetest/mods/edutest:
2023-10-27 12:27:11: WARNING[Main]: 	depends.txt is deprecated, please use mod.conf instead.
2023-10-27 12:27:11: WARNING[Main]: Not registering alias, item with same name is already defined: homedecor:rope_light_on_floor_off -> homedecor:rope_light_on_floor_0
2023-10-27 12:27:11: WARNING[Main]: Not registering alias, item with same name is already defined: homedecor:rope_light_on_ceiling_off -> homedecor:rope_light_on_ceiling_0
2023-10-27 12:27:11: WARNING[Main]: Not registering alias, item with same name is already defined: homedecor:plasma_ball_off -> homedecor:plasma_ball_0
2023-10-27 12:27:11: WARNING[Main]: Not registering alias, item with same name is already defined: homedecor:rope_light_on_floor_on -> homedecor:rope_light_on_floor_14
2023-10-27 12:27:11: WARNING[Main]: Not registering alias, item with same name is already defined: homedecor:rope_light_on_ceiling_on -> homedecor:rope_light_on_ceiling_14
2023-10-27 12:27:11: WARNING[Main]: Not registering alias, item with same name is already defined: homedecor:plasma_ball_on -> homedecor:plasma_ball_14
2023-10-27 12:27:11: WARNING[Main]: Not registering alias, item with same name is already defined: 3dforniture:table_lamp -> homedecor:table_lamp_off
2023-10-27 12:27:12: ACTION[Main]: World at [/config/.minetest/worlds/01-Augsburg]
2023-10-27 12:27:12: ACTION[Main]: Server for gameid="antigrief" listening on 0.0.0.0:30101.
2023-10-27 12:28:08: [Main]: INFO: signal_handler(): got SIGTERM, shutting down.
2023-10-27 12:28:08: ACTION[Main]: Server: Shutting down


-------------
  Separator
-------------

2023-10-27 12:28:39: [Main]: Using world specified by --worldname on the command line
2023-10-27 12:28:39: ERROR[Main]: The following mods could not be found: "colordcement" "colored_concrete" "world2minetest" "we_undo" "worldeditadditions_core"
2023-10-27 12:28:39: WARNING[Main]: Mod edutest_chatcommands at /config/.minetest/mods/edutest_chatcommands:
2023-10-27 12:28:39: WARNING[Main]: 	depends.txt is deprecated, please use mod.conf instead.
2023-10-27 12:28:39: ACTION[Main]: New font registered in font_api: metro.
2023-10-27 12:28:39: ACTION[Main]: New font registered in font_api: tinycurs.
2023-10-27 12:28:39: WARNING[Main]: skinsdb filename seperator is set to _, see skindsdb/textures/readme.txt to avoid problems with playernames containing underscore
2023-10-27 12:28:40: WARNING[Main]: Mod edutest at /config/.minetest/mods/edutest:
2023-10-27 12:28:40: WARNING[Main]: 	depends.txt is deprecated, please use mod.conf instead.
2023-10-27 12:28:40: WARNING[Main]: Not registering alias, item with same name is already defined: homedecor:rope_light_on_floor_off -> homedecor:rope_light_on_floor_0
2023-10-27 12:28:40: WARNING[Main]: Not registering alias, item with same name is already defined: homedecor:rope_light_on_ceiling_off -> homedecor:rope_light_on_ceiling_0
2023-10-27 12:28:40: WARNING[Main]: Not registering alias, item with same name is already defined: homedecor:plasma_ball_off -> homedecor:plasma_ball_0
2023-10-27 12:28:40: WARNING[Main]: Not registering alias, item with same name is already defined: homedecor:rope_light_on_floor_on -> homedecor:rope_light_on_floor_14
2023-10-27 12:28:40: WARNING[Main]: Not registering alias, item with same name is already defined: homedecor:rope_light_on_ceiling_on -> homedecor:rope_light_on_ceiling_14
2023-10-27 12:28:40: WARNING[Main]: Not registering alias, item with same name is already defined: homedecor:plasma_ball_on -> homedecor:plasma_ball_14
2023-10-27 12:28:40: WARNING[Main]: Not registering alias, item with same name is already defined: 3dforniture:table_lamp -> homedecor:table_lamp_off
2023-10-27 12:28:41: ACTION[Main]: World at [/config/.minetest/worlds/01-Augsburg]
2023-10-27 12:28:41: ACTION[Main]: Server for gameid="antigrief" listening on 0.0.0.0:30101.
2023-10-27 12:28:45: ACTION[Server]: Mentor [79.196.26.210] joins game. List of players: Mentor
2023-10-27 12:28:55: ACTION[Server]: Mentor changes password
2023-10-27 12:29:03: ACTION[Server]: Mentor digs default:stone_block at (-15,4,2)
2023-10-27 12:29:04: ACTION[Server]: Mentor digs default:tree at (-15,3,2)
2023-10-27 12:29:05: ACTION[Server]: Mentor digs default:tree at (-15,2,2)
2023-10-27 12:29:05: ACTION[Server]: Mentor digs default:tree at (-15,1,3)
2023-10-27 12:29:07: ACTION[Server]: Mentor digs default:tree at (-15,1,1)
2023-10-27 12:29:07: ACTION[Server]: Mentor digs default:tree at (-15,1,2)
2023-10-27 12:29:39: ACTION[Server]: Mentor places node travelnet:travelnet at (2,1,2)
2023-10-27 12:29:44: ACTION[Server]: Mentor places node travelnet:travelnet at (2,1,2)
2023-10-27 12:30:04: ACTION[Server]: Mentor places node signs_road:red_street_sign at (2,1,1)
2023-10-27 12:30:21: ACTION[Server]: Mentor places node signs_road:red_street_sign at (0,1,1)
2023-10-27 12:31:16: ACTION[Server]: Mentor leaves game. List of players: 
2023-10-27 12:31:19: [Main]: INFO: signal_handler(): got SIGTERM, shutting down.
2023-10-27 12:31:19: ACTION[Main]: Server: Shutting down


-------------
  Separator
-------------

2023-10-27 12:34:14: [Main]: Using world specified by --worldname on the command line
2023-10-27 12:34:14: ERROR[Main]: The following mods could not be found: "colordcement" "colored_concrete" "worldeditadditions_core"
2023-10-27 12:34:14: WARNING[Main]: Mod edutest_chatcommands at /config/.minetest/mods/edutest_chatcommands:
2023-10-27 12:34:14: WARNING[Main]: 	depends.txt is deprecated, please use mod.conf instead.
2023-10-27 12:34:14: WARNING[Main]: Mod we_undo at /config/.minetest/mods/we_undo:
2023-10-27 12:34:14: WARNING[Main]: 	Mods not having a mod.conf file with the name is deprecated.
2023-10-27 12:34:14: WARNING[Main]: 	depends.txt is deprecated, please use mod.conf instead.
2023-10-27 12:34:14: ACTION[Main]: New font registered in font_api: metro.
2023-10-27 12:34:14: ACTION[Main]: New font registered in font_api: tinycurs.
2023-10-27 12:34:14: [Main]: [w2mt] Loading map.dat from /config/.minetest/worlds/01-Augsburg/world2minetest/map.dat
2023-10-27 12:34:15: WARNING[Main]: skinsdb filename seperator is set to _, see skindsdb/textures/readme.txt to avoid problems with playernames containing underscore
2023-10-27 12:34:15: WARNING[Main]: Mod edutest at /config/.minetest/mods/edutest:
2023-10-27 12:34:15: WARNING[Main]: 	depends.txt is deprecated, please use mod.conf instead.
2023-10-27 12:34:15: WARNING[Main]: Not registering alias, item with same name is already defined: homedecor:rope_light_on_floor_off -> homedecor:rope_light_on_floor_0
2023-10-27 12:34:15: WARNING[Main]: Not registering alias, item with same name is already defined: homedecor:rope_light_on_ceiling_off -> homedecor:rope_light_on_ceiling_0
2023-10-27 12:34:15: WARNING[Main]: Not registering alias, item with same name is already defined: homedecor:plasma_ball_off -> homedecor:plasma_ball_0
2023-10-27 12:34:15: WARNING[Main]: Not registering alias, item with same name is already defined: homedecor:rope_light_on_floor_on -> homedecor:rope_light_on_floor_14
2023-10-27 12:34:15: WARNING[Main]: Not registering alias, item with same name is already defined: homedecor:rope_light_on_ceiling_on -> homedecor:rope_light_on_ceiling_14
2023-10-27 12:34:15: WARNING[Main]: Not registering alias, item with same name is already defined: homedecor:plasma_ball_on -> homedecor:plasma_ball_14
2023-10-27 12:34:15: WARNING[Main]: Not registering alias, item with same name is already defined: 3dforniture:table_lamp -> homedecor:table_lamp_off
2023-10-27 12:34:16: ACTION[Main]: World at [/config/.minetest/worlds/01-Augsburg]
2023-10-27 12:34:16: ACTION[Main]: Server for gameid="antigrief" listening on 0.0.0.0:30101.
2023-10-27 12:34:20: [Main]: INFO: signal_handler(): got SIGTERM, shutting down.
2023-10-27 12:34:20: ACTION[Main]: Server: Shutting down


-------------
  Separator
-------------

2023-10-27 12:35:05: [Main]: Using world specified by --worldname on the command line
2023-10-27 12:35:05: ERROR[Main]: The following mods could not be found: "colordcement" "colored_concrete" "worldeditadditions_core"
2023-10-27 12:35:05: WARNING[Main]: Mod edutest_chatcommands at /config/.minetest/mods/edutest_chatcommands:
2023-10-27 12:35:05: WARNING[Main]: 	depends.txt is deprecated, please use mod.conf instead.
2023-10-27 12:35:05: WARNING[Main]: Mod we_undo at /config/.minetest/mods/we_undo:
2023-10-27 12:35:05: WARNING[Main]: 	Mods not having a mod.conf file with the name is deprecated.
2023-10-27 12:35:05: WARNING[Main]: 	depends.txt is deprecated, please use mod.conf instead.
2023-10-27 12:35:05: ACTION[Main]: New font registered in font_api: metro.
2023-10-27 12:35:05: ACTION[Main]: New font registered in font_api: tinycurs.
2023-10-27 12:35:05: [Main]: [w2mt] Loading map.dat from /config/.minetest/worlds/01-Augsburg/world2minetest/map.dat
2023-10-27 12:35:05: WARNING[Main]: skinsdb filename seperator is set to _, see skindsdb/textures/readme.txt to avoid problems with playernames containing underscore
2023-10-27 12:35:06: WARNING[Main]: Mod edutest at /config/.minetest/mods/edutest:
2023-10-27 12:35:06: WARNING[Main]: 	depends.txt is deprecated, please use mod.conf instead.
2023-10-27 12:35:06: WARNING[Main]: Not registering alias, item with same name is already defined: homedecor:rope_light_on_floor_on -> homedecor:rope_light_on_floor_14
2023-10-27 12:35:06: WARNING[Main]: Not registering alias, item with same name is already defined: homedecor:rope_light_on_ceiling_on -> homedecor:rope_light_on_ceiling_14
2023-10-27 12:35:06: WARNING[Main]: Not registering alias, item with same name is already defined: homedecor:plasma_ball_on -> homedecor:plasma_ball_14
2023-10-27 12:35:06: WARNING[Main]: Not registering alias, item with same name is already defined: homedecor:rope_light_on_floor_off -> homedecor:rope_light_on_floor_0
2023-10-27 12:35:06: WARNING[Main]: Not registering alias, item with same name is already defined: homedecor:rope_light_on_ceiling_off -> homedecor:rope_light_on_ceiling_0
2023-10-27 12:35:06: WARNING[Main]: Not registering alias, item with same name is already defined: homedecor:plasma_ball_off -> homedecor:plasma_ball_0
2023-10-27 12:35:06: WARNING[Main]: Not registering alias, item with same name is already defined: 3dforniture:table_lamp -> homedecor:table_lamp_off
2023-10-27 12:35:07: ACTION[Main]: World at [/config/.minetest/worlds/01-Augsburg]
2023-10-27 12:35:07: ACTION[Main]: Server for gameid="antigrief" listening on 0.0.0.0:30101.
2023-10-27 12:35:15: ACTION[Server]: Mentor [79.196.26.210] joins game. List of players: Mentor
2023-10-27 12:35:36: ACTION[Server]: Mentor leaves game. List of players: 
2023-10-27 12:35:39: [Main]: INFO: signal_handler(): got SIGTERM, shutting down.
2023-10-27 12:35:39: ACTION[Main]: Server: Shutting down


-------------
  Separator
-------------

2023-10-27 12:36:21: [Main]: Using world specified by --worldname on the command line
2023-10-27 12:36:21: ERROR[Main]: The following mods could not be found: "colordcement" "colored_concrete" "worldeditadditions_core"
2023-10-27 12:36:21: WARNING[Main]: Mod edutest_chatcommands at /config/.minetest/mods/edutest_chatcommands:
2023-10-27 12:36:21: WARNING[Main]: 	depends.txt is deprecated, please use mod.conf instead.
2023-10-27 12:36:21: WARNING[Main]: Mod we_undo at /config/.minetest/mods/we_undo:
2023-10-27 12:36:21: WARNING[Main]: 	Mods not having a mod.conf file with the name is deprecated.
2023-10-27 12:36:21: WARNING[Main]: 	depends.txt is deprecated, please use mod.conf instead.
2023-10-27 12:36:21: ACTION[Main]: New font registered in font_api: metro.
2023-10-27 12:36:21: ACTION[Main]: New font registered in font_api: tinycurs.
2023-10-27 12:36:21: [Main]: [w2mt] Loading map.dat from /config/.minetest/worlds/01-Augsburg/world2minetest/map.dat
2023-10-27 12:36:21: WARNING[Main]: skinsdb filename seperator is set to _, see skindsdb/textures/readme.txt to avoid problems with playernames containing underscore
2023-10-27 12:36:22: WARNING[Main]: Mod edutest at /config/.minetest/mods/edutest:
2023-10-27 12:36:22: WARNING[Main]: 	depends.txt is deprecated, please use mod.conf instead.
2023-10-27 12:36:22: WARNING[Main]: Not registering alias, item with same name is already defined: homedecor:rope_light_on_floor_off -> homedecor:rope_light_on_floor_0
2023-10-27 12:36:22: WARNING[Main]: Not registering alias, item with same name is already defined: homedecor:rope_light_on_ceiling_off -> homedecor:rope_light_on_ceiling_0
2023-10-27 12:36:22: WARNING[Main]: Not registering alias, item with same name is already defined: homedecor:plasma_ball_off -> homedecor:plasma_ball_0
2023-10-27 12:36:22: WARNING[Main]: Not registering alias, item with same name is already defined: homedecor:rope_light_on_floor_on -> homedecor:rope_light_on_floor_14
2023-10-27 12:36:22: WARNING[Main]: Not registering alias, item with same name is already defined: homedecor:rope_light_on_ceiling_on -> homedecor:rope_light_on_ceiling_14
2023-10-27 12:36:22: WARNING[Main]: Not registering alias, item with same name is already defined: homedecor:plasma_ball_on -> homedecor:plasma_ball_14
2023-10-27 12:36:22: WARNING[Main]: Not registering alias, item with same name is already defined: 3dforniture:table_lamp -> homedecor:table_lamp_off
2023-10-27 12:36:22: ACTION[Main]: World at [/config/.minetest/worlds/01-Augsburg]
2023-10-27 12:36:22: ACTION[Main]: Server for gameid="antigrief" listening on 0.0.0.0:30101.
2023-10-27 12:36:24: ACTION[Server]: Server: User Mentor at 79.196.26.210 supplied wrong password (auth mechanism: SRP).
2023-10-27 12:36:31: ACTION[Server]: Mentor [79.196.26.210] joins game. List of players: Mentor
2023-10-27 12:37:22: ACTION[Server]: Mentor digs default:tree at (-15,1,2)
2023-10-27 12:37:23: ACTION[Server]: Mentor digs default:tree at (-15,2,2)
2023-10-27 12:37:23: ACTION[Server]: Mentor digs default:tree at (-15,3,2)
2023-10-27 12:37:24: ACTION[Server]: Mentor digs default:stone_block at (-15,4,2)
2023-10-27 12:37:25: ACTION[Server]: Mentor digs default:tree at (-15,1,3)
2023-10-27 12:37:27: ACTION[Server]: Mentor digs default:tree at (-15,1,1)
2023-10-27 12:37:44: ACTION[Server]: Mentor places node travelnet:travelnet at (2,1,2)
2023-10-27 12:37:54: ACTION[Server]: [travelnet] adding station 'spawn' to network 'net1' for player 'Paul'
2023-10-27 12:37:54: ACTION[Server]: [travelnet] set_travelnets: persisting travelnets for player 'Paul'
2023-10-27 12:38:15: ACTION[Server]: Mentor places node signs_road:red_sign at (2,1,1)
2023-10-27 12:38:26: ACTION[Server]: Mentor places node signs_road:red_sign at (0,1,1)
2023-10-27 12:40:09: ACTION[Server]: Mentor leaves game. List of players: 
2023-10-27 12:41:32: ACTION[Server]: Mentor [79.196.26.210] joins game. List of players: Mentor
2023-10-27 12:42:05: ACTION[Server]: Mentor changes password
2023-10-27 12:42:53: ACTION[Server]: Mentor places node travelnet:travelnet_black at (-807,1,138)
2023-10-27 12:43:04: ACTION[Server]: [travelnet] adding station 'Hauptbahnhof' to network 'net1' for player 'Mentor'
2023-10-27 12:43:04: ACTION[Server]: [travelnet] set_travelnets: persisting travelnets for player 'Mentor'
2023-10-27 12:43:11: ACTION[Server]: Mentor leaves game. List of players: 
2023-10-27 12:43:13: [Main]: INFO: signal_handler(): got SIGTERM, shutting down.
2023-10-27 12:43:13: ACTION[Main]: Server: Shutting down


-------------
  Separator
-------------

2023-10-27 14:55:47: [Main]: Using world specified by --worldname on the command line
2023-10-27 14:55:47: ERROR[Main]: The following mods could not be found: "colordcement" "colored_concrete" "worldeditadditions_core"
2023-10-27 14:55:48: WARNING[Main]: Mod edutest_chatcommands at /config/.minetest/mods/edutest_chatcommands:
2023-10-27 14:55:48: WARNING[Main]: 	depends.txt is deprecated, please use mod.conf instead.
2023-10-27 14:55:48: WARNING[Main]: Mod we_undo at /config/.minetest/mods/we_undo:
2023-10-27 14:55:48: WARNING[Main]: 	Mods not having a mod.conf file with the name is deprecated.
2023-10-27 14:55:48: WARNING[Main]: 	depends.txt is deprecated, please use mod.conf instead.
2023-10-27 14:55:48: ACTION[Main]: New font registered in font_api: metro.
2023-10-27 14:55:48: ACTION[Main]: New font registered in font_api: tinycurs.
2023-10-27 14:55:48: [Main]: [w2mt] Loading map.dat from /config/.minetest/worlds/01-Augsburg/world2minetest/map.dat
2023-10-27 14:55:48: WARNING[Main]: skinsdb filename seperator is set to _, see skindsdb/textures/readme.txt to avoid problems with playernames containing underscore
2023-10-27 14:55:49: WARNING[Main]: Mod edutest at /config/.minetest/mods/edutest:
2023-10-27 14:55:49: WARNING[Main]: 	depends.txt is deprecated, please use mod.conf instead.
2023-10-27 14:55:49: WARNING[Main]: Not registering alias, item with same name is already defined: homedecor:rope_light_on_floor_on -> homedecor:rope_light_on_floor_14
2023-10-27 14:55:49: WARNING[Main]: Not registering alias, item with same name is already defined: homedecor:rope_light_on_ceiling_on -> homedecor:rope_light_on_ceiling_14
2023-10-27 14:55:49: WARNING[Main]: Not registering alias, item with same name is already defined: homedecor:plasma_ball_on -> homedecor:plasma_ball_14
2023-10-27 14:55:49: WARNING[Main]: Not registering alias, item with same name is already defined: homedecor:rope_light_on_floor_off -> homedecor:rope_light_on_floor_0
2023-10-27 14:55:49: WARNING[Main]: Not registering alias, item with same name is already defined: homedecor:rope_light_on_ceiling_off -> homedecor:rope_light_on_ceiling_0
2023-10-27 14:55:49: WARNING[Main]: Not registering alias, item with same name is already defined: homedecor:plasma_ball_off -> homedecor:plasma_ball_0
2023-10-27 14:55:49: WARNING[Main]: Not registering alias, item with same name is already defined: 3dforniture:table_lamp -> homedecor:table_lamp_off
2023-10-27 14:55:49: ACTION[Main]: World at [/config/.minetest/worlds/01-Augsburg]
2023-10-27 14:55:49: ACTION[Main]: Server for gameid="antigrief" listening on 0.0.0.0:30101.
2023-10-27 14:56:04: ACTION[Server]: Mentor [79.196.26.210] joins game. List of players: Mentor
2023-10-27 14:56:09: ACTION[Server]: CHAT: <Mentor> halle leute!
2023-10-27 14:56:16: ACTION[Server]: Mentor leaves game. List of players: 
